<?xml version="1.0" encoding="UTF-8"?>
<!-- Generated by org.testng.reporters.JUnitXMLReporter -->
<testsuite hostname="BOSSpc" ignored="2" name="PageTest" tests="4" failures="0" timestamp="25 ноя 2018 11:03:35 GMT" time="0.016" errors="0">
  <testcase name="loginTest" time="0.0" classname="ru.raiffeisen.training.AppTest"/>
  <testcase name="pageTestCase01" time="0.0" classname="ru.raiffeisen.training.AppTest"/>
  <testcase name="pageTestCase02" time="0.0" classname="ru.raiffeisen.training.AppTest"/>
  <testcase name="pageTestCase03" time="0.0" classname="ru.raiffeisen.training.AppTest"/>
  <testcase name="profileTest" time="0.0" classname="ru.raiffeisen.training.AppTest">
    <ignored/>
  </testcase> <!-- profileTest -->
  <testcase name="logoffTest" time="0.0" classname="ru.raiffeisen.training.AppTest">
    <ignored/>
  </testcase> <!-- logoffTest -->
</testsuite> <!-- PageTest -->
