<?xml version="1.0" encoding="UTF-8"?>
<!-- Generated by org.testng.reporters.JUnitXMLReporter -->
<testsuite hostname="Anna" ignored="2" name="SitePageTests" tests="4" failures="0" timestamp="24 ноя 2018 07:10:04 GMT" time="0.016" errors="0">
  <testcase name="loginTest" time="0.0" classname="ru.raiffeisen.training.AppTest"/>
  <testcase name="pageTestCase03" time="0.0" classname="ru.raiffeisen.training.AppTest"/>
  <testcase name="pageTestCase01" time="0.0" classname="ru.raiffeisen.training.AppTest"/>
  <testcase name="pageTestCase02" time="0.0" classname="ru.raiffeisen.training.AppTest"/>
  <testcase name="profileTest" time="0.0" classname="ru.raiffeisen.training.AppTest">
    <ignored/>
  </testcase> <!-- profileTest -->
  <testcase name="logoffTest" time="0.0" classname="ru.raiffeisen.training.AppTest">
    <ignored/>
  </testcase> <!-- logoffTest -->
</testsuite> <!-- SitePageTests -->
